[2019-05-29 11:51:32 MDT] <Thread-11>  INFO: Logging to file: C:\Users\pepsi\Desktop\HRGalvanizeExercises\MVP\StarSearch\BMDB\StarSearch-v-1-1-0.ipa_1905291151.log
[2019-05-29 11:51:32 MDT] <Thread-11>  INFO: Logging configured successfully.
[2019-05-29 11:51:32 MDT] <Thread-11>  INFO: iTMSTransporter : iTunes Store Transporter [1.9.8]
[2019-05-29 11:51:32 MDT] <Thread-11>  INFO: OS identifier: Windows 10 10.0 (amd64); jvm=25.171-b11; jre=1.8.0_171-b11
[2019-05-29 11:51:32 MDT] <Thread-11>  INFO: Memory: [JVM] 123M free, 165M total, 3625M max [System] (Physical) 4986M free, 16308M total (Swap) 12937M free, 31156M total
[2019-05-29 11:51:32 MDT] <Thread-11>  INFO: Upload mode selected.
[2019-05-29 11:51:32 MDT] <Thread-11>  INFO: Examining the package at: C:\Users\pepsi\AppData\Local\Temp\au\itmsp\1465851931.itmsp
[2019-05-29 11:51:32 MDT] <Thread-11>  INFO: Ensuring that package has well formed metadata file...
[2019-05-29 11:51:32 MDT] <Thread-11>  INFO: Gathering the list of valid files from the package ...
[2019-05-29 11:51:32 MDT] <Thread-11>  INFO: Finished gathering the list of valid files from the package.
[2019-05-29 11:51:32 MDT] <Thread-11>  INFO: Verify progress: Analyzing metadata (Step 0/?)
[2019-05-29 11:51:32 MDT] <Thread-11>  INFO: Performing authentication of package 1465851931.itmsp ...
[2019-05-29 11:51:32 MDT] <Thread-11>  INFO: Verify progress: Analyzing metadata (Step 1/2)
[2019-05-29 11:51:32 MDT] <Thread-11>  INFO: id = 20190529115132-192
[2019-05-29 11:51:33 MDT] <Thread-11> ERROR: Please sign in with an app-specific password. You can create one at appleid.apple.com. (-22910)
[2019-05-29 11:51:33 MDT] <Thread-11>  INFO: Verify progress: Operation failed (Step 2/2)



Package Summary:
 
1 package(s) were not uploaded because they had problems:
	C:\Users\pepsi\AppData\Local\Temp\au\itmsp\1465851931.itmsp - Error Messages:
		Please sign in with an app-specific password. You can create one at appleid.apple.com. (-22910)
