[2019-05-29 11:54:53 MDT] <Thread-14>  INFO: Logging to file: C:\Users\pepsi\Desktop\HRGalvanizeExercises\MVP\StarSearch\BMDB\StarSearch-v-1-1-0.ipa_1905291154.log
[2019-05-29 11:54:53 MDT] <Thread-14>  INFO: Logging configured successfully.
[2019-05-29 11:54:53 MDT] <Thread-14>  INFO: iTMSTransporter : iTunes Store Transporter [1.9.8]
[2019-05-29 11:54:53 MDT] <Thread-14>  INFO: OS identifier: Windows 10 10.0 (amd64); jvm=25.171-b11; jre=1.8.0_171-b11
[2019-05-29 11:54:53 MDT] <Thread-14>  INFO: Memory: [JVM] 96M free, 155M total, 3625M max [System] (Physical) 4476M free, 16308M total (Swap) 12472M free, 31156M total
[2019-05-29 11:54:53 MDT] <Thread-14>  INFO: Upload mode selected.
[2019-05-29 11:54:53 MDT] <Thread-14>  INFO: Examining the package at: C:\Users\pepsi\AppData\Local\Temp\au\itmsp\1465851931.itmsp
[2019-05-29 11:54:53 MDT] <Thread-14>  INFO: Ensuring that package has well formed metadata file...
[2019-05-29 11:54:53 MDT] <Thread-14>  INFO: Gathering the list of valid files from the package ...
[2019-05-29 11:54:53 MDT] <Thread-14>  INFO: Finished gathering the list of valid files from the package.
[2019-05-29 11:54:53 MDT] <Thread-14>  INFO: Verify progress: Analyzing metadata (Step 2/?)
[2019-05-29 11:54:53 MDT] <Thread-14>  INFO: Performing authentication of package 1465851931.itmsp ...
[2019-05-29 11:54:53 MDT] <Thread-14>  INFO: Verify progress: Analyzing metadata (Step 3/2)
[2019-05-29 11:54:53 MDT] <Thread-14>  INFO: id = 20190529115453-890
[2019-05-29 11:54:53 MDT] <Thread-14> ERROR: Sign in with the app-specific password you generated. If you forgot the app-specific password or need to create a new one, go to appleid.apple.com (-22938)
[2019-05-29 11:54:53 MDT] <Thread-14>  INFO: Verify progress: Operation failed (Step 2/2)



Package Summary:
 
1 package(s) were not uploaded because they had problems:
	C:\Users\pepsi\AppData\Local\Temp\au\itmsp\1465851931.itmsp - Error Messages:
		Please sign in with an app-specific password. You can create one at appleid.apple.com. (-22910)
		Sign in with the app-specific password you generated. If you forgot the app-specific password or need to create a new one, go to appleid.apple.com (-22938)
[2019-05-29 11:55:12 MDT] <Thread-16> Invalid cookie header: "Set-Cookie: dqsid=eyJ0eXAiOiJKV1QiLCJhbGciOiJIUzI1NiJ9.eyJqdGkiOiIzZ0hZZ1ZubXBfNk5IMG9xQlU3WmN3In0.OmqjCr8iMUEb824kVPa_3EU6bwNIgyKHJ2P5lWHKvPs; Max-Age=1800; Expires=Wed, 29 May 2019 18:25:09 GMT; Path=/; Secure; HTTPOnly". Invalid 'expires' attribute: Wed, 29 May 2019 18:25:09 GMT
[2019-05-29 11:55:12 MDT] <Thread-16> list apps success
