[2019-06-03 15:51:21 MDT] <Thread-10>  INFO: Logging to file: C:\Users\pepsi\Desktop\HRGalvanizeExercises\MVP\StarSearch\BMDB\IPAs\StarSearch-v-1-3-0.ipa_1906031551.log
[2019-06-03 15:51:21 MDT] <Thread-10>  INFO: Logging configured successfully.
[2019-06-03 15:51:21 MDT] <Thread-10>  INFO: iTMSTransporter : iTunes Store Transporter [1.9.8]
[2019-06-03 15:51:21 MDT] <Thread-10>  INFO: OS identifier: Windows 10 10.0 (amd64); jvm=25.171-b11; jre=1.8.0_171-b11
[2019-06-03 15:51:21 MDT] <Thread-10>  INFO: Memory: [JVM] 115M free, 165M total, 3625M max [System] (Physical) 3693M free, 16308M total (Swap) 6041M free, 31156M total
[2019-06-03 15:51:21 MDT] <Thread-10>  INFO: Upload mode selected.
[2019-06-03 15:51:21 MDT] <Thread-10>  INFO: Examining the package at: C:\Users\pepsi\AppData\Local\Temp\au\itmsp\1465851931.itmsp
[2019-06-03 15:51:21 MDT] <Thread-10>  INFO: Ensuring that package has well formed metadata file...
[2019-06-03 15:51:21 MDT] <Thread-10>  INFO: Gathering the list of valid files from the package ...
[2019-06-03 15:51:21 MDT] <Thread-10>  INFO: Finished gathering the list of valid files from the package.
[2019-06-03 15:51:21 MDT] <Thread-10>  INFO: Verify progress: Analyzing metadata (Step 0/?)
[2019-06-03 15:51:21 MDT] <Thread-10>  INFO: Performing authentication of package 1465851931.itmsp ...
[2019-06-03 15:51:21 MDT] <Thread-10>  INFO: Verify progress: Analyzing metadata (Step 1/2)
[2019-06-03 15:51:21 MDT] <Thread-10>  INFO: id = 20190603155121-606
[2019-06-03 15:51:21 MDT] <Thread-10>  INFO: id = 20190603155121-858
[2019-06-03 15:51:28 MDT] <Thread-10>  INFO: The list of files requested for upload by Apple is: [metadata.xml, 1465851931.ipa].  These are the files that will be uploaded.
[2019-06-03 15:51:28 MDT] <Thread-10>  INFO: Starting media analysis of assets
[2019-06-03 15:51:29 MDT] <Thread-10>  INFO: Verify progress: Adding asset to analyze: 1465851931.ipa (Step 2/3)
[2019-06-03 15:51:29 MDT] <Thread-10>  INFO: Asset media analysis has completed
[2019-06-03 15:51:29 MDT] <Thread-10>  INFO: id = 20190603155129-632
[2019-06-03 15:51:50 MDT] <Thread-10>  INFO: Verify progress: Validating assets (Step 3/3)
[2019-06-03 15:51:50 MDT] <Thread-10>  INFO: Verify progress: Validating assets (Step 4/3)
[2019-06-03 15:51:50 MDT] <Thread-10>  INFO: id = 20190603155150-470
[2019-06-03 15:52:18 MDT] <Thread-10>  INFO: The list of files requested for upload by Apple is: [metadata.xml, 1465851931.ipa].  These are the files that will be uploaded.
[2019-06-03 15:52:18 MDT] <Thread-10>  INFO: Done performing authentication.
[2019-06-03 15:52:18 MDT] <Thread-10>  INFO: The asset replacement verification check is disabled.
[2019-06-03 15:52:18 MDT] <Thread-10>  INFO: Checking the file size of the files: [1465851931.ipa]
[2019-06-03 15:52:18 MDT] <Thread-10>  INFO: Done checking the file sizes.
[2019-06-03 15:52:18 MDT] <Thread-10>  INFO: Checking the md5 checksum of the files: [1465851931.ipa]
[2019-06-03 15:52:19 MDT] <Thread-10>  INFO: Done checking the md5 checksum.
[2019-06-03 15:52:19 MDT] <Thread-10>  INFO: Preparing to upload package 1465851931.itmsp ...
[2019-06-03 15:52:19 MDT] <Thread-10>  INFO: Starting to upload the package's files (1465851931.itmsp) ...
[2019-06-03 15:52:19 MDT] <Thread-10>  INFO: Attempting to connect to Apple's webDAV...
[2019-06-03 15:52:19 MDT] <Thread-10>  INFO: Successfully connected to Apple's webDAV.
[2019-06-03 15:52:19 MDT] <Thread-10>  INFO: Attempting to create the package's folder on Apple's webDAV: /5/96A9DA5S56/uploading/1465851931-20190603145158-358.itmsp/
[2019-06-03 15:52:19 MDT] <Thread-10>  INFO: Successfully created/set the package's folder on Apple's webDAV.
[2019-06-03 15:52:19 MDT] <Thread-10>  INFO: Determining which files should be uploaded ...
[2019-06-03 15:52:19 MDT] <Thread-10>  INFO: Finished determining which files should be uploaded.
[2019-06-03 15:52:19 MDT] <Thread-10>  INFO: Computing total size of files to upload ...
[2019-06-03 15:52:19 MDT] <Thread-10>  INFO: Done computing total size of files to upload.
[2019-06-03 15:52:19 MDT] <Thread-10>  INFO: Starting upload of file: C:\Users\pepsi\AppData\Local\Temp\au\itmsp\1465851931.itmsp\1465851931.ipa ...
[2019-06-03 15:52:36 MDT] <Thread-10>  INFO:      File: 1465851931.ipa 10485760/102835202, 10% completed
[2019-06-03 15:52:56 MDT] <Thread-10>  INFO:      File: 1465851931.ipa 20971520/102835202, 20% completed
[2019-06-03 15:53:15 MDT] <Thread-10>  INFO:      File: 1465851931.ipa 31457280/102835202, 30% completed
[2019-06-03 15:53:34 MDT] <Thread-10>  INFO:      File: 1465851931.ipa 41943040/102835202, 40% completed
[2019-06-03 15:53:53 MDT] <Thread-10>  INFO:      File: 1465851931.ipa 52428800/102835202, 50% completed
[2019-06-03 15:54:13 MDT] <Thread-10>  INFO:      File: 1465851931.ipa 62914560/102835202, 61% completed
[2019-06-03 15:54:33 MDT] <Thread-10>  INFO:      File: 1465851931.ipa 73400320/102835202, 71% completed
[2019-06-03 15:54:54 MDT] <Thread-10>  INFO:      File: 1465851931.ipa 83886080/102835202, 81% completed
[2019-06-03 15:55:15 MDT] <Thread-10>  INFO:      File: 1465851931.ipa 94371840/102835202, 91% completed
[2019-06-03 15:55:31 MDT] <Thread-10>  INFO:      File: 1465851931.ipa 102835202/102835202, 100% completed
[2019-06-03 15:55:31 MDT] <Thread-10>  INFO:   Successfully uploaded file: C:\Users\pepsi\AppData\Local\Temp\au\itmsp\1465851931.itmsp\1465851931.ipa
[2019-06-03 15:55:31 MDT] <Thread-10>  INFO: Package upload progress: 99% completed
[2019-06-03 15:55:31 MDT] <Thread-10>  INFO: Finished upload of file: C:\Users\pepsi\AppData\Local\Temp\au\itmsp\1465851931.itmsp\1465851931.ipa.
[2019-06-03 15:55:31 MDT] <Thread-10>  INFO: Starting upload of file: C:\Users\pepsi\AppData\Local\Temp\au\itmsp\1465851931.itmsp\metadata.xml ...
[2019-06-03 15:55:31 MDT] <Thread-10>  INFO:      File: metadata.xml 534/534, 100% completed
[2019-06-03 15:55:31 MDT] <Thread-10>  INFO:   Successfully uploaded file: C:\Users\pepsi\AppData\Local\Temp\au\itmsp\1465851931.itmsp\metadata.xml
[2019-06-03 15:55:31 MDT] <Thread-10>  INFO: Package upload progress: 100% completed
[2019-06-03 15:55:31 MDT] <Thread-10>  INFO: Finished upload of file: C:\Users\pepsi\AppData\Local\Temp\au\itmsp\1465851931.itmsp\metadata.xml.
[2019-06-03 15:55:31 MDT] <Thread-10>  INFO: Gathering list of uploaded files from Apple's webDAV...
[2019-06-03 15:55:31 MDT] <Thread-10>  INFO: Done gathering list of uploaded files from Apple's webDAV...
[2019-06-03 15:55:31 MDT] <Thread-10>  INFO: Checking if any encryption/compression files are outdated locally ...
[2019-06-03 15:55:31 MDT] <Thread-10>  INFO: Finished checking if any encryption/compression files are outdated locally.
[2019-06-03 15:55:31 MDT] <Thread-10>  INFO: Confirming that the previously uploaded files were uploaded correctly ...
[2019-06-03 15:55:31 MDT] <Thread-10>  INFO: Finished confirming that the previously uploaded files were uploaded correctly.
[2019-06-03 15:55:31 MDT] <Thread-10>  INFO: Determining which files were not uploaded ...
[2019-06-03 15:55:31 MDT] <Thread-10>  INFO: Finished determining which files were not uploaded.
[2019-06-03 15:55:31 MDT] <Thread-10>  INFO: Done performing upload.
[2019-06-03 15:55:31 MDT] <Thread-10>  INFO: id = 20190603155531-980
[2019-06-03 15:55:34 MDT] <Thread-10>  INFO: Done performing uploadDone notification to Apple.
[2019-06-03 15:55:34 MDT] <Thread-10>  INFO: The package: C:\Users\pepsi\AppData\Local\Temp\au\itmsp\1465851931.itmsp has been successfully uploaded.
[2019-06-03 15:55:34 MDT] <Thread-10>  INFO: Verify progress: Operation completed (Step 3/3)



Package Summary:
 
1 packages were uploaded successfully:
	C:\Users\pepsi\AppData\Local\Temp\au\itmsp\1465851931.itmsp
