[2019-06-03 15:57:32 MDT] <Thread-14>  INFO: Logging to file: C:\Users\pepsi\Desktop\HRGalvanizeExercises\MVP\StarSearch\BMDB\IPAs\StarSearch-v-1-3-0.ipa_1906031557.log
[2019-06-03 15:57:32 MDT] <Thread-14>  INFO: Logging configured successfully.
[2019-06-03 15:57:32 MDT] <Thread-14>  INFO: iTMSTransporter : iTunes Store Transporter [1.9.8]
[2019-06-03 15:57:32 MDT] <Thread-14>  INFO: OS identifier: Windows 10 10.0 (amd64); jvm=25.171-b11; jre=1.8.0_171-b11
[2019-06-03 15:57:32 MDT] <Thread-14>  INFO: Memory: [JVM] 201M free, 249M total, 3625M max [System] (Physical) 3575M free, 16308M total (Swap) 5838M free, 31156M total
[2019-06-03 15:57:32 MDT] <Thread-14>  INFO: Upload mode selected.
[2019-06-03 15:57:32 MDT] <Thread-14>  INFO: Examining the package at: C:\Users\pepsi\AppData\Local\Temp\au\itmsp\1465851931.itmsp
[2019-06-03 15:57:32 MDT] <Thread-14>  INFO: Ensuring that package has well formed metadata file...
[2019-06-03 15:57:32 MDT] <Thread-14>  INFO: Gathering the list of valid files from the package ...
[2019-06-03 15:57:32 MDT] <Thread-14>  INFO: Finished gathering the list of valid files from the package.
[2019-06-03 15:57:32 MDT] <Thread-14>  INFO: Verify progress: Analyzing metadata (Step 3/?)
[2019-06-03 15:57:32 MDT] <Thread-14>  INFO: Performing authentication of package 1465851931.itmsp ...
[2019-06-03 15:57:32 MDT] <Thread-14>  INFO: Verify progress: Analyzing metadata (Step 4/2)
[2019-06-03 15:57:32 MDT] <Thread-14>  INFO: id = 20190603155732-429
[2019-06-03 15:57:33 MDT] <Thread-14>  INFO: id = 20190603155733-516
[2019-06-03 15:57:38 MDT] <Thread-14> ERROR: ERROR ITMS-90189: "Redundant Binary Upload. You've already uploaded a build with build number '1' for version number '1.3.0'. Make sure you increment the build string before you upload your app to App Store Connect. Learn more in Xcode Help (http://help.apple.com/xcode/mac/current/#/devba7f53ad4)."
[2019-06-03 15:57:38 MDT] <Thread-14>  INFO: Verify progress: Operation failed (Step 2/2)



Package Summary:
 
1 package(s) were not uploaded because they had problems:
	C:\Users\pepsi\AppData\Local\Temp\au\itmsp\1465851931.itmsp - Error Messages:
		ERROR ITMS-90189: "Redundant Binary Upload. You've already uploaded a build with build number '1' for version number '1.3.0'. Make sure you increment the build string before you upload your app to App Store Connect. Learn more in Xcode Help (http://help.apple.com/xcode/mac/current/#/devba7f53ad4)."
